<?xml version="1.0" encoding="UTF-8"?>
<testng-results skipped="0" failed="0" ignored="0" total="1" passed="1">
  <reporter-output>
  </reporter-output>
  <suite name="Suite" duration-ms="18687" started-at="2022-03-31T13:38:11 IST" finished-at="2022-03-31T13:38:30 IST">
    <groups>
    </groups>
    <test name="Test" duration-ms="18687" started-at="2022-03-31T13:38:11 IST" finished-at="2022-03-31T13:38:30 IST">
      <class name="jenkinOne.PeojectOne">
        <test-method status="PASS" signature="dragdropTest1()[pri:0, instance:jenkinOne.PeojectOne@271053e1]" name="dragdropTest1" duration-ms="18634" started-at="2022-03-31T13:38:11 IST" finished-at="2022-03-31T13:38:30 IST">
          <reporter-output>
          </reporter-output>
        </test-method> <!-- dragdropTest1 -->
      </class> <!-- jenkinOne.PeojectOne -->
    </test> <!-- Test -->
  </suite> <!-- Suite -->
</testng-results>
